<?xml version="1.0" encoding="UTF-8"?>
<testng-results ignored="0" total="2" passed="2" failed="0" skipped="0">
  <reporter-output>
  </reporter-output>
  <suite started-at="2023-01-18T12:58:25 IST" name="Default suite" finished-at="2023-01-18T12:58:25 IST" duration-ms="46">
    <groups>
      <group name="regression">
        <method signature="Create_Test.edited()[pri:0, instance:practice.Create_Test@22ef9844]" name="edited" class="practice.Create_Test"/>
      </group> <!-- regression -->
      <group name="smoke">
        <method signature="Create_Test.create()[pri:0, instance:practice.Create_Test@22ef9844]" name="create" class="practice.Create_Test"/>
      </group> <!-- smoke -->
    </groups>
    <test started-at="2023-01-18T12:58:25 IST" name="Default test" finished-at="2023-01-18T12:58:25 IST" duration-ms="46">
      <class name="practice.Create_Test">
        <test-method signature="create()[pri:0, instance:practice.Create_Test@22ef9844]" started-at="2023-01-18T12:58:25 IST" name="create" finished-at="2023-01-18T12:58:25 IST" duration-ms="6" status="PASS">
          <reporter-output>
          </reporter-output>
        </test-method> <!-- create -->
        <test-method signature="edited()[pri:0, instance:practice.Create_Test@22ef9844]" started-at="2023-01-18T12:58:25 IST" name="edited" finished-at="2023-01-18T12:58:25 IST" duration-ms="1" status="PASS">
          <reporter-output>
          </reporter-output>
        </test-method> <!-- edited -->
      </class> <!-- practice.Create_Test -->
    </test> <!-- Default test -->
  </suite> <!-- Default suite -->
</testng-results>
